Determining if the pthread_create exist failed with the following output:
Change Dir: /home/mrm/ICRA/CODE/SIGN/cmake-build-debug/CMakeFiles/CMakeTmp

Run Build Command:"/usr/bin/make" "cmTC_9499a/fast"
/usr/bin/make -f CMakeFiles/cmTC_9499a.dir/build.make CMakeFiles/cmTC_9499a.dir/build
make[1]: Entering directory '/home/mrm/ICRA/CODE/SIGN/cmake-build-debug/CMakeFiles/CMakeTmp'
Building C object CMakeFiles/cmTC_9499a.dir/CheckSymbolExists.c.o
/usr/bin/cc   -fPIC    -o CMakeFiles/cmTC_9499a.dir/CheckSymbolExists.c.o   -c /home/mrm/ICRA/CODE/SIGN/cmake-build-debug/CMakeFiles/CMakeTmp/CheckSymbolExists.c
Linking C executable cmTC_9499a
/home/mrm/clion2018.3/clion-2018.3.2/bin/cmake/linux/bin/cmake -E cmake_link_script CMakeFiles/cmTC_9499a.dir/link.txt --verbose=1
/usr/bin/cc -fPIC     CMakeFiles/cmTC_9499a.dir/CheckSymbolExists.c.o  -o cmTC_9499a 
CMakeFiles/cmTC_9499a.dir/CheckSymbolExists.c.o：在函数‘main’中：
CheckSymbolExists.c:(.text+0x1b)：对‘pthread_create’未定义的引用
collect2: error: ld returned 1 exit status
CMakeFiles/cmTC_9499a.dir/build.make:86: recipe for target 'cmTC_9499a' failed
make[1]: *** [cmTC_9499a] Error 1
make[1]: Leaving directory '/home/mrm/ICRA/CODE/SIGN/cmake-build-debug/CMakeFiles/CMakeTmp'
Makefile:121: recipe for target 'cmTC_9499a/fast' failed
make: *** [cmTC_9499a/fast] Error 2

File /home/mrm/ICRA/CODE/SIGN/cmake-build-debug/CMakeFiles/CMakeTmp/CheckSymbolExists.c:
/* */
#include <pthread.h>

int main(int argc, char** argv)
{
  (void)argv;
#ifndef pthread_create
  return ((int*)(&pthread_create))[argc];
#else
  (void)argc;
  return 0;
#endif
}

Determining if the function pthread_create exists in the pthreads failed with the following output:
Change Dir: /home/mrm/ICRA/CODE/SIGN/cmake-build-debug/CMakeFiles/CMakeTmp

Run Build Command:"/usr/bin/make" "cmTC_0383b/fast"
/usr/bin/make -f CMakeFiles/cmTC_0383b.dir/build.make CMakeFiles/cmTC_0383b.dir/build
make[1]: Entering directory '/home/mrm/ICRA/CODE/SIGN/cmake-build-debug/CMakeFiles/CMakeTmp'
Building C object CMakeFiles/cmTC_0383b.dir/CheckFunctionExists.c.o
/usr/bin/cc   -fPIC -DCHECK_FUNCTION_EXISTS=pthread_create   -o CMakeFiles/cmTC_0383b.dir/CheckFunctionExists.c.o   -c /home/mrm/clion2018.3/clion-2018.3.2/bin/cmake/linux/share/cmake-3.13/Modules/CheckFunctionExists.c
Linking C executable cmTC_0383b
/home/mrm/clion2018.3/clion-2018.3.2/bin/cmake/linux/bin/cmake -E cmake_link_script CMakeFiles/cmTC_0383b.dir/link.txt --verbose=1
/usr/bin/cc -fPIC -DCHECK_FUNCTION_EXISTS=pthread_create    CMakeFiles/cmTC_0383b.dir/CheckFunctionExists.c.o  -o cmTC_0383b -lpthreads 
/usr/bin/ld: 找不到 -lpthreads
collect2: error: ld returned 1 exit status
CMakeFiles/cmTC_0383b.dir/build.make:86: recipe for target 'cmTC_0383b' failed
make[1]: *** [cmTC_0383b] Error 1
make[1]: Leaving directory '/home/mrm/ICRA/CODE/SIGN/cmake-build-debug/CMakeFiles/CMakeTmp'
Makefile:121: recipe for target 'cmTC_0383b/fast' failed
make: *** [cmTC_0383b/fast] Error 2


